proguard/seeds.txt
com.dev.streetfood.About
com.dev.streetfood.About: About()
com.dev.streetfood.GettingStarted
com.dev.streetfood.GettingStarted: GettingStarted()
com.dev.streetfood.LocationTracker
com.dev.streetfood.SendFeedback
com.dev.streetfood.SendFeedback: SendFeedback()
com.dev.streetfood.ShopCategoryView
com.dev.streetfood.ShopCategoryView: ShopCategoryView()
com.dev.streetfood.ShopDetailView
com.dev.streetfood.ShopDetailView: ShopDetailView()
com.dev.streetfood.ShopListView
com.dev.streetfood.ShopListView: ShopListView()
com.dev.streetfood.ShopMapView
com.dev.streetfood.ShopMapView: ShopMapView()
...
android.support.v4.app.BackStackState
android.support.v4.app.BackStackState: android.os.Parcelable$Creator CREATOR
android.support.v4.app.Fragment: Fragment()
android.support.v4.app.Fragment$SavedState
android.support.v4.app.Fragment$SavedState: android.os.Parcelable$Creator CREATOR
android.support.v4.app.FragmentActivity
android.support.v4.app.FragmentActivity: FragmentActivity()
android.support.v4.app.FragmentManagerState
android.support.v4.app.FragmentManagerState: android.os.Parcelable$Creator CREATOR
android.support.v4.app.FragmentState
android.support.v4.app.FragmentState: android.os.Parcelable$Creator CREATOR
android.support.v4.app.FragmentTabHost
android.support.v4.app.FragmentTabHost: FragmentTabHost(android.content.Context,android.util.AttributeSet)
android.support.v4.app.FragmentTabHost$SavedState
android.support.v4.app.FragmentTabHost$SavedState: android.os.Parcelable$Creator CREATOR
android.support.v4.content.ModernAsyncTask$Status: android.support.v4.content.ModernAsyncTask$Status[] values()
android.support.v4.content.ModernAsyncTask$Status: android.support.v4.content.ModernAsyncTask$Status valueOf(java.lang.String)
android.support.v4.view.PagerTabStrip
android.support.v4.view.PagerTabStrip: PagerTabStrip(android.content.Context,android.util.AttributeSet)
android.support.v4.view.PagerTitleStrip
android.support.v4.view.PagerTitleStrip: PagerTitleStrip(android.content.Context,android.util.AttributeSet)
android.support.v4.view.ViewPager
android.support.v4.view.ViewPager: ViewPager(android.content.Context,android.util.AttributeSet)
android.support.v4.view.ViewPager$LayoutParams
android.support.v4.view.ViewPager$LayoutParams: ViewPager$LayoutParams(android.content.Context,android.util.AttributeSet)
android.support.v4.view.ViewPager$SavedState
android.support.v4.view.ViewPager$SavedState: android.os.Parcelable$Creator CREATOR
com.google.ads.AdActivity
com.google.ads.AdActivity: AdActivity()
com.google.ads.AdActivity: void onClick(android.view.View)
com.google.ads.AdRequest$ErrorCode: com.google.ads.AdRequest$ErrorCode[] values()
com.google.ads.AdRequest$ErrorCode: com.google.ads.AdRequest$ErrorCode valueOf(java.lang.String)
com.google.ads.AdRequest$Gender: com.google.ads.AdRequest$Gender[] values()
com.google.ads.AdRequest$Gender: com.google.ads.AdRequest$Gender valueOf(java.lang.String)
com.google.ads.AdView
com.google.ads.AdView: AdView(android.app.Activity,com.google.ads.AdSize,java.lang.String)
com.google.ads.AdView: AdView(android.app.Activity,com.google.ads.AdSize[],java.lang.String)
com.google.ads.AdView: AdView(android.content.Context,android.util.AttributeSet)
com.google.ads.AdView: AdView(android.content.Context,android.util.AttributeSet,int)
com.google.ads.doubleclick.DfpAdView
com.google.ads.doubleclick.DfpAdView: DfpAdView(android.content.Context,android.util.AttributeSet)
com.google.ads.doubleclick.DfpAdView: DfpAdView(android.content.Context,android.util.AttributeSet,int)
com.google.ads.doubleclick.SwipeableDfpAdView
com.google.ads.doubleclick.SwipeableDfpAdView: SwipeableDfpAdView(android.content.Context,android.util.AttributeSet)
com.google.ads.doubleclick.SwipeableDfpAdView: SwipeableDfpAdView(android.content.Context,android.util.AttributeSet,int)
com.google.ads.g$a: com.google.ads.g$a[] values()
com.google.ads.g$a: com.google.ads.g$a valueOf(java.lang.String)
com.google.ads.internal.c$d: com.google.ads.internal.c$d[] values()
com.google.ads.internal.c$d: com.google.ads.internal.c$d valueOf(java.lang.String)
com.google.ads.searchads.SearchAdRequest$BorderType: com.google.ads.searchads.SearchAdRequest$BorderType[] values()
com.google.ads.searchads.SearchAdRequest$BorderType: com.google.ads.searchads.SearchAdRequest$BorderType valueOf(java.lang.String)
com.google.ads.util.AdUtil$UserActivityReceiver
com.google.ads.util.AdUtil$a: com.google.ads.util.AdUtil$a[] values()
com.google.ads.util.AdUtil$a: com.google.ads.util.AdUtil$a valueOf(java.lang.String)