proguard/mapping.txt
com.dev.streetfood.About -> com.dev.streetfood.About:
    void onCreate(android.os.Bundle) -> onCreate
com.dev.streetfood.BookMark -> com.dev.streetfood.a:
    java.lang.String title -> a
    int hygiene -> b
    int quality -> c
    int service -> d
    java.lang.String snippet -> e
    java.lang.String address -> f
    double latitude -> g
    double longitude -> h
    com.google.android.gms.maps.model.LatLng position -> i
com.dev.streetfood.GettingStarted -> com.dev.streetfood.GettingStarted:
    void onCreate(android.os.Bundle) -> onCreate
com.dev.streetfood.ListViewCustomAdapter -> com.dev.streetfood.b:
    java.util.ArrayList shopList -> a
    int resource -> b
    android.view.LayoutInflater inflater -> c
    android.content.Context context -> d
    int getCount() -> getCount
    java.lang.Object getItem(int) -> getItem
    long getItemId(int) -> getItemId
    android.view.View getView(int,android.view.View,android.view.ViewGroup) -> getView
com.dev.streetfood.ListViewCustomAdapter$ViewHolder -> com.dev.streetfood.c:
    android.widget.TextView shopName -> a
com.dev.streetfood.LocationTracker -> com.dev.streetfood.LocationTracker:
    android.location.Location currentLocation -> p
    android.content.Context Mycontext -> n
    android.location.LocationManager mLocationManager -> o
    android.location.LocationListener listener -> q
    android.location.Location requestUpdatesFromProvider(java.lang.String,int) -> a
    boolean isLatest(android.location.Location) -> a
    void updateUILocation(android.location.Location) -> b
    android.location.Location getLocation() -> e
    void stopTracking() -> f
    void access$0(com.dev.streetfood.LocationTracker,android.location.Location) -> a
com.dev.streetfood.LocationTracker$1 -> com.dev.streetfood.d:
    com.dev.streetfood.LocationTracker this$0 -> a
    void onLocationChanged(android.location.Location) -> onLocationChanged
    void onProviderDisabled(java.lang.String) -> onProviderDisabled
    void onProviderEnabled(java.lang.String) -> onProviderEnabled
    void onStatusChanged(java.lang.String,int,android.os.Bundle) -> onStatusChanged
com.dev.streetfood.SendFeedback -> com.dev.streetfood.SendFeedback:
    java.lang.String subject -> a
    void onCreate(android.os.Bundle) -> onCreate
    void directToMail() -> a
    void directToGplus() -> b
    void directToFbook() -> c
com.dev.streetfood.SendFeedback$1 -> com.dev.streetfood.e:
    com.dev.streetfood.SendFeedback this$0 -> a
    void onClick(android.view.View) -> onClick
com.dev.streetfood.SendFeedback$2 -> com.dev.streetfood.f:
    com.dev.streetfood.SendFeedback this$0 -> a
    void onClick(android.view.View) -> onClick
com.dev.streetfood.SendFeedback$3 -> com.dev.streetfood.g:
    com.dev.streetfood.SendFeedback this$0 -> a
    void onClick(android.view.View) -> onClick
com.dev.streetfood.ShopCategoryView -> com.dev.streetfood.ShopCategoryView:
    java.lang.String sql -> a
    android.widget.ListView ListShopInfo -> b
    java.lang.String category -> c
    void onCreate(android.os.Bundle) -> onCreate
    void goToListView() -> a
    void goToMapView() -> b
    void onStart() -> onStart
    void onPause() -> onPause
    void onStop() -> onStop
    void onDestroy() -> onDestroy
    boolean onCreateOptionsMenu(android.view.Menu) -> onCreateOptionsMenu
    boolean onOptionsItemSelected(android.view.MenuItem) -> onOptionsItemSelected
com.dev.streetfood.ShopCategoryView$1 -> com.dev.streetfood.h:
    com.dev.streetfood.ShopCategoryView this$0 -> a
    void onCheckedChanged(android.widget.RadioGroup,int) -> onCheckedChanged
com.dev.streetfood.ShopCategoryView$2 -> com.dev.streetfood.i:
    com.dev.streetfood.ShopCategoryView this$0 -> a
    void onItemClick(android.widget.AdapterView,android.view.View,int,long) -> onItemClick
...
android.support.v4.view.ViewCompat$GBViewCompatImpl -> android.support.v4.view.ak:
    int getOverScrollMode(android.view.View) -> a
android.support.v4.view.ViewCompat$HCViewCompatImpl -> android.support.v4.view.al:
    long getFrameTime() -> a
    void setLayerType$7672597b(android.view.View,int) -> b
android.support.v4.view.ViewCompat$ICSViewCompatImpl -> android.support.v4.view.am:
    boolean canScrollHorizontally(android.view.View,int) -> a
    void setAccessibilityDelegate(android.view.View,android.support.v4.view.AccessibilityDelegateCompat) -> a
android.support.v4.view.ViewCompat$JBViewCompatImpl -> android.support.v4.view.an:
    void postInvalidateOnAnimation(android.view.View) -> b
    void postOnAnimation(android.view.View,java.lang.Runnable) -> a
    int getImportantForAccessibility(android.view.View) -> c
    void setImportantForAccessibility$5359dc9a(android.view.View) -> d
android.support.v4.view.ViewCompat$JbMr1ViewCompatImpl -> android.support.v4.view.ao:
android.support.v4.view.ViewCompat$ViewCompatImpl -> android.support.v4.view.ap:
    boolean canScrollHorizontally(android.view.View,int) -> a
    int getOverScrollMode(android.view.View) -> a
    void setAccessibilityDelegate(android.view.View,android.support.v4.view.AccessibilityDelegateCompat) -> a
    void postInvalidateOnAnimation(android.view.View) -> b
    void postOnAnimation(android.view.View,java.lang.Runnable) -> a
    int getImportantForAccessibility(android.view.View) -> c
    void setImportantForAccessibility$5359dc9a(android.view.View) -> d
    void setLayerType$7672597b(android.view.View,int) -> b
android.support.v4.view.ViewConfigurationCompat -> android.support.v4.view.aq:
    android.support.v4.view.ViewConfigurationCompat$ViewConfigurationVersionImpl IMPL -> a
    int getScaledPagingTouchSlop(android.view.ViewConfiguration) -> a
android.support.v4.view.ViewConfigurationCompat$BaseViewConfigurationVersionImpl -> android.support.v4.view.ar:
    int getScaledPagingTouchSlop(android.view.ViewConfiguration) -> a
android.support.v4.view.ViewConfigurationCompat$FroyoViewConfigurationVersionImpl -> android.support.v4.view.as:
    int getScaledPagingTouchSlop(android.view.ViewConfiguration) -> a
android.support.v4.view.ViewConfigurationCompat$ViewConfigurationVersionImpl -> android.support.v4.view.at:
    int getScaledPagingTouchSlop(android.view.ViewConfiguration) -> a
android.support.v4.view.ViewPager -> android.support.v4.view.ViewPager:
    int[] LAYOUT_ATTRS -> a
    java.util.Comparator COMPARATOR -> b
    android.view.animation.Interpolator sInterpolator -> c
    java.util.ArrayList mItems -> d
    android.support.v4.view.ViewPager$ItemInfo mTempItem -> e
    android.graphics.Rect mTempRect -> f
    android.support.v4.view.PagerAdapter mAdapter -> g
    int mCurItem -> h
    int mRestoredCurItem -> i
    android.os.Parcelable mRestoredAdapterState -> j
    java.lang.ClassLoader mRestoredClassLoader -> k
    android.widget.Scroller mScroller -> l
    int mPageMargin -> m
    android.graphics.drawable.Drawable mMarginDrawable -> n
    int mTopPageBounds -> o
    int mBottomPageBounds -> p
    float mFirstOffset -> q
    float mLastOffset -> r
    int mChildWidthMeasureSpec -> s
    int mChildHeightMeasureSpec -> t
    boolean mInLayout -> u
    boolean mScrollingCacheEnabled -> v
    boolean mPopulatePending -> w
    int mOffscreenPageLimit -> x
    boolean mIsBeingDragged -> y
    boolean mIsUnableToDrag -> z
    int mDefaultGutterSize -> A
    int mGutterSize -> B
    int mTouchSlop -> C
    float mInitialMotionX -> D
    float mLastMotionX -> E
    float mLastMotionY -> F
    int mActivePointerId -> G
    android.view.VelocityTracker mVelocityTracker -> H
    int mMinimumVelocity -> I
    int mMaximumVelocity -> J
    int mFlingDistance -> K
    int mCloseEnough -> L
    int mSeenPositionMin -> M
    int mSeenPositionMax -> N