proguard/usage.txt
com.dev.streetfood.About:
    private static final java.lang.String TAG
com.dev.streetfood.BuildConfig
com.dev.streetfood.GettingStarted:
    private static final java.lang.String TAG
com.dev.streetfood.ListViewCustomAdapter:
    private static final java.lang.String TAG
com.dev.streetfood.ListViewCustomAdapter$ViewHolder:
    android.widget.ImageView icn_Rating
    android.widget.TextView distance
com.dev.streetfood.LocationTracker:
    private static final java.lang.String TAG
    private static final int TEN_SECONDS
    private static final int TEN_METERS
    private static final int TWO_MINUTES
    171:210:protected android.location.Location getBetterLocation(android.location.Location,android.location.Location)
    215:219:private boolean isSameProvider(java.lang.String,java.lang.String)
com.dev.streetfood.Manifest
com.dev.streetfood.Manifest$permission
com.dev.streetfood.R
com.dev.streetfood.R$attr
com.dev.streetfood.R$dimen
com.dev.streetfood.R$drawable
com.dev.streetfood.R$id
com.dev.streetfood.R$layout
com.dev.streetfood.R$menu
com.dev.streetfood.R$string
com.dev.streetfood.R$style
com.dev.streetfood.R$styleable
com.dev.streetfood.SendFeedback:
    private static final java.lang.String TAG
    java.lang.String Body
    android.widget.EditText etContent
    android.widget.EditText etSender
com.dev.streetfood.ShopCategoryView:
    protected static final java.lang.String TAG
com.dev.streetfood.ShopDetailView:
    private static final java.lang.String TAG
    java.lang.String sql
com.dev.streetfood.ShopListView:
    private static final java.lang.String TAG
    275:288:public boolean isConnectionsAvailable()
    293:296:public void goToListView()
    330:330:public void showFeatured()
com.dev.streetfood.ShopMapView:
    private static final java.lang.String TAG
com.dev.streetfood.ShopMapView$GetMap:
    android.widget.ProgressBar progressBar
com.dev.streetfood.StreetFoodDataBaseAdapter:
    protected static final java.lang.String TAG
    219:254:public int getSingleIntVal(java.lang.String)
    260:304:public java.lang.String getSingleStringVal(java.lang.String)
com.dev.streetfood.StreetFoodDataBaseOpenHelper:
    private static final int DB_VERSION
...
android.support.v4.view.ViewCompat$GBViewCompatImpl:
    218:219:public void setOverScrollMode(android.view.View,int)
android.support.v4.view.ViewCompat$HCViewCompatImpl:
    230:230:public int getLayerType(android.view.View)
android.support.v4.view.ViewCompat$ICSViewCompatImpl:
    241:241:public boolean canScrollVertically(android.view.View,int)
    245:246:public void onPopulateAccessibilityEvent(android.view.View,android.view.accessibility.AccessibilityEvent)
    249:250:public void onInitializeAccessibilityEvent(android.view.View,android.view.accessibility.AccessibilityEvent)
    253:254:public void onInitializeAccessibilityNodeInfo(android.view.View,android.support.v4.view.accessibility.AccessibilityNodeInfoCompat)
android.support.v4.view.ViewCompat$JBViewCompatImpl:
    264:264:public boolean hasTransientState(android.view.View)
    268:269:public void setHasTransientState(android.view.View,boolean)
    276:277:public void postInvalidateOnAnimation(android.view.View,int,int,int,int)
    284:285:public void postOnAnimationDelayed(android.view.View,java.lang.Runnable,long)
    296:296:public boolean performAccessibilityAction(android.view.View,int,android.os.Bundle)
    300:304:public android.support.v4.view.accessibility.AccessibilityNodeProviderCompat getAccessibilityNodeProvider(android.view.View)
android.support.v4.view.ViewCompat$JbMr1ViewCompatImpl:
    312:312:public int getLabelFor(android.view.View)
    317:318:public void setLabelFor(android.view.View,int)
android.support.v4.view.ViewCompat$ViewCompatImpl:
    public abstract boolean canScrollVertically(android.view.View,int)
    public abstract void setOverScrollMode(android.view.View,int)
    public abstract void onInitializeAccessibilityEvent(android.view.View,android.view.accessibility.AccessibilityEvent)
    public abstract void onPopulateAccessibilityEvent(android.view.View,android.view.accessibility.AccessibilityEvent)
    public abstract void onInitializeAccessibilityNodeInfo(android.view.View,android.support.v4.view.accessibility.AccessibilityNodeInfoCompat)
    public abstract boolean hasTransientState(android.view.View)
    public abstract void setHasTransientState(android.view.View,boolean)
    public abstract void postInvalidateOnAnimation(android.view.View,int,int,int,int)
    public abstract void postOnAnimationDelayed(android.view.View,java.lang.Runnable,long)
    public abstract boolean performAccessibilityAction(android.view.View,int,android.os.Bundle)
    public abstract android.support.v4.view.accessibility.AccessibilityNodeProviderCompat getAccessibilityNodeProvider(android.view.View)
    public abstract int getLayerType(android.view.View)
    public abstract int getLabelFor(android.view.View)
    public abstract void setLabelFor(android.view.View,int)
android.support.v4.view.ViewCompatGingerbread:
    21:21:ViewCompatGingerbread()
    27:28:public static void setOverScrollMode(android.view.View,int)
android.support.v4.view.ViewCompatHC:
    23:23:ViewCompatHC()
    33:33:public static int getLayerType(android.view.View)
android.support.v4.view.ViewCompatICS:
    27:27:ViewCompatICS()
    34:34:public static boolean canScrollVertically(android.view.View,int)
    42:43:public static void onPopulateAccessibilityEvent(android.view.View,android.view.accessibility.AccessibilityEvent)
    46:47:public static void onInitializeAccessibilityEvent(android.view.View,android.view.accessibility.AccessibilityEvent)
    50:51:public static void onInitializeAccessibilityNodeInfo(android.view.View,java.lang.Object)